<?xml version="1.0" encoding="utf-8"?>
<testsuites>
    <testsuite name="pytest" errors="0" failures="0" skipped="0" tests="3" time="0.143"
               timestamp="2023-03-11T21:12:33.646409" hostname="小艺同学">
        <testcase classname="autoTest.test_requests.Test01" name="test_get_token1[caseinfo0]" time="0.011"/>
        <testcase classname="autoTest.test_requests.Test01" name="test_get_token1[caseinfo1]" time="0.006"/>
        <testcase classname="autoTest.test_requests.Test01" name="test_get_token1[caseinfo2]" time="0.012"/>
    </testsuite>
</testsuites>